<?xml version="1.0" encoding="UTF-8"?>
<!-- Generated by org.testng.reporters.JUnitReportReporter -->
<testsuite hostname="LAPTOP-LD98MK4F" failures="0" tests="1" name="Flipkart_Project_Axis.Baseclass" time="0.013" errors="0" timestamp="2023-06-12T12:02:07 IST" skipped="0">
  <testcase classname="Flipkart_Project_Axis.Baseclass" name="scene" time="0.013"/>
  <system-out/>
</testsuite> <!-- Flipkart_Project_Axis.Baseclass -->
